<?xml version="1.0" encoding="utf-8"?><testsuites name="pytest tests"><testsuite name="pytest" errors="0" failures="0" skipped="0" tests="12" time="3.786" timestamp="2026-04-30T21:34:36.989679+00:00" hostname="agent-env-1e8bb98f-9e9c-40bf-9610-028a99df7277"><testcase classname="backend.tests.test_nhl_backtest_split.TestBackwardCompat" name="test_default_is_single" time="1.034" /><testcase classname="backend.tests.test_nhl_backtest_split.TestBackwardCompat" name="test_single_vs_split_same_bet_count" time="0.481" /><testcase classname="backend.tests.test_nhl_backtest_split.TestSplitBostonReference" name="test_params_echo" time="0.739" /><testcase classname="backend.tests.test_nhl_backtest_split.TestSplitBostonReference" name="test_overall_profit" time="0.001" /><testcase classname="backend.tests.test_nhl_backtest_split.TestSplitBostonReference" name="test_tracks_structure" time="0.001" /><testcase classname="backend.tests.test_nhl_backtest_split.TestSplitBostonReference" name="test_fav_track_reference" time="0.001" /><testcase classname="backend.tests.test_nhl_backtest_split.TestSplitBostonReference" name="test_udg_track_reference" time="0.001" /><testcase classname="backend.tests.test_nhl_backtest_split.TestSplitPerBetLogic" name="test_step_counts_are_track_specific" time="0.221" /><testcase classname="backend.tests.test_nhl_backtest_split.TestSplitPerBetLogic" name="test_stakes_double_only_within_same_track" time="0.190" /><testcase classname="backend.tests.test_nhl_backtest_split.TestSplitGrid" name="test_grid_accepts_split" time="0.196" /><testcase classname="backend.tests.test_nhl_backtest_split.TestSplitGrid" name="test_grid_split_differs_from_single" time="0.455" /><testcase classname="backend.tests.test_nhl_backtest_split.TestSingleAlsoHasTracks" name="test_single_mode_still_exposes_tracks" time="0.196" /></testsuite></testsuites>