<?xml version="1.0" encoding="utf-8"?><testsuites name="pytest tests"><testsuite name="pytest" errors="0" failures="0" skipped="0" tests="13" time="4.670" timestamp="2026-04-30T20:20:37.520310+00:00" hostname="agent-env-1e8bb98f-9e9c-40bf-9610-028a99df7277"><testcase classname="backend.tests.test_nhl_backtest.TestSeasons" name="test_seasons_requires_auth" time="0.421" /><testcase classname="backend.tests.test_nhl_backtest.TestSeasons" name="test_seasons_list_desc" time="0.800" /><testcase classname="backend.tests.test_nhl_backtest.TestTeams" name="test_teams_requires_auth" time="0.228" /><testcase classname="backend.tests.test_nhl_backtest.TestTeams" name="test_teams_count_and_sorted" time="0.080" /><testcase classname="backend.tests.test_nhl_backtest.TestSeasonRange" name="test_range_requires_auth" time="0.289" /><testcase classname="backend.tests.test_nhl_backtest.TestSeasonRange" name="test_range_returns_min_max" time="0.080" /><testcase classname="backend.tests.test_nhl_backtest.TestBacktest" name="test_requires_auth" time="0.232" /><testcase classname="backend.tests.test_nhl_backtest.TestBacktest" name="test_zero_teams_400" time="0.069" /><testcase classname="backend.tests.test_nhl_backtest.TestBacktest" name="test_more_than_4_teams_400" time="0.069" /><testcase classname="backend.tests.test_nhl_backtest.TestBacktest" name="test_full_response_shape_and_aggregate" time="0.156" /><testcase classname="backend.tests.test_nhl_backtest.TestBacktest" name="test_profit_logic_per_bet" time="0.122" /><testcase classname="backend.tests.test_nhl_backtest.TestBacktest" name="test_cap_triggers_bust_when_low" time="0.125" /><testcase classname="backend.tests.test_nhl_backtest.TestBacktest" name="test_invalid_stake_400" time="0.061" /></testsuite></testsuites>