<?xml version="1.0" encoding="utf-8"?><testsuites name="pytest tests"><testsuite name="pytest" errors="0" failures="0" skipped="0" tests="24" time="7.610" timestamp="2026-04-20T12:39:38.425114+00:00" hostname="agent-env-1e8bb98f-9e9c-40bf-9610-028a99df7277"><testcase classname="backend.tests.backend_test" name="test_health" time="0.281" /><testcase classname="backend.tests.backend_test.TestAuth" name="test_login_success" time="0.460" /><testcase classname="backend.tests.backend_test.TestAuth" name="test_login_wrong_password" time="0.414" /><testcase classname="backend.tests.backend_test.TestAuth" name="test_me_with_token" time="0.471" /><testcase classname="backend.tests.backend_test.TestAuth" name="test_me_without_token" time="0.195" /><testcase classname="backend.tests.backend_test.TestAuth" name="test_register_duplicate_email" time="0.462" /><testcase classname="backend.tests.backend_test.TestAuth" name="test_change_password_wrong_current" time="0.391" /><testcase classname="backend.tests.backend_test.TestAuth" name="test_change_password_correct" time="1.149" /><testcase classname="backend.tests.backend_test.TestAuth" name="test_update_profile_username" time="0.099" /><testcase classname="backend.tests.backend_test.TestStrategies" name="test_list_requires_auth" time="0.179" /><testcase classname="backend.tests.backend_test.TestStrategies" name="test_list_only_own" time="0.052" /><testcase classname="backend.tests.backend_test.TestStrategies" name="test_crud_and_cascade" time="0.474" /><testcase classname="backend.tests.backend_test.TestBets" name="test_profit_won" time="0.241" /><testcase classname="backend.tests.backend_test.TestBets" name="test_profit_lost" time="0.049" /><testcase classname="backend.tests.backend_test.TestBets" name="test_profit_pending_and_void" time="0.098" /><testcase classname="backend.tests.backend_test.TestBets" name="test_update_recalculates_profit" time="0.097" /><testcase classname="backend.tests.backend_test.TestBets" name="test_delete_bet" time="0.151" /><testcase classname="backend.tests.backend_test.TestBonuses" name="test_create_list_delete" time="0.245" /><testcase classname="backend.tests.backend_test.TestExport" name="test_export_structure" time="0.198" /><testcase classname="backend.tests.backend_test.TestAuthorization" name="test_strategies_without_token" time="0.154" /><testcase classname="backend.tests.backend_test.TestAuthorization" name="test_bets_without_token" time="0.183" /><testcase classname="backend.tests.backend_test.TestAuthorization" name="test_invalid_token" time="0.195" /><testcase classname="backend.tests.backend_test.TestWebSocket" name="test_ws_connect_and_broadcast" time="0.737" /><testcase classname="backend.tests.backend_test.TestWebSocket" name="test_ws_invalid_token" time="0.200" /></testsuite></testsuites>